State 8 conflicts: 2 shift/reduce
State 9 conflicts: 2 shift/reduce


Grammar

    0 $accept: expr $end

    1 expr: expr '+' expr
    2     | expr '*' expr
    3     | id

    4 id: name
    5   | number


Terminals, with rules where they appear

    $end (0) 0
    '*' (42) 2
    '+' (43) 1
    error (256)
    name (258) 4
    number (259) 5


Nonterminals, with rules where they appear

    $accept (7)
        on left: 0
    expr (8)
        on left: 1 2 3
        on right: 0 1 2
    id (9)
        on left: 4 5
        on right: 3


State 0

    0 $accept: • expr $end

    name    shift, and go to state 1
    number  shift, and go to state 2

    expr  go to state 3
    id    go to state 4


State 1

    4 id: name •

    $default  reduce using rule 4 (id)


State 2

    5 id: number •

    $default  reduce using rule 5 (id)


State 3

    0 $accept: expr • $end
    1 expr: expr • '+' expr
    2     | expr • '*' expr

    $end  shift, and go to state 5
    '+'   shift, and go to state 6
    '*'   shift, and go to state 7


State 4

    3 expr: id •

    $default  reduce using rule 3 (expr)


State 5

    0 $accept: expr $end •

    $default  accept


State 6

    1 expr: expr '+' • expr

    name    shift, and go to state 1
    number  shift, and go to state 2

    expr  go to state 8
    id    go to state 4


State 7

    2 expr: expr '*' • expr

    name    shift, and go to state 1
    number  shift, and go to state 2

    expr  go to state 9
    id    go to state 4


State 8

    1 expr: expr • '+' expr
    1     | expr '+' expr •
    2     | expr • '*' expr

    '+'  shift, and go to state 6
    '*'  shift, and go to state 7

    '+'       [reduce using rule 1 (expr)]
    '*'       [reduce using rule 1 (expr)]
    $default  reduce using rule 1 (expr)


State 9

    1 expr: expr • '+' expr
    2     | expr • '*' expr
    2     | expr '*' expr •

    '+'  shift, and go to state 6
    '*'  shift, and go to state 7

    '+'       [reduce using rule 2 (expr)]
    '*'       [reduce using rule 2 (expr)]
    $default  reduce using rule 2 (expr)
